[06-Apr-2025 09:06:09 UTC] PHP Warning:  Undefined array key "host" in /workspaces/UX221Assignment32/.wordpress/wp-includes/pluggable.php on line 1625
[06-Apr-2025 09:19:02 UTC] PHP Warning:  Undefined variable $parent_theme_name in /workspaces/UX221Assignment32/.wordpress/wp-content/mu-plugins/one-click-child-theme/templates/create_child_form.php on line 18
[06-Apr-2025 10:00:19 UTC] PHP Fatal error:  Out of memory (allocated 37748736) (tried to allocate 28672 bytes) in /workspaces/UX221Assignment32/.wordpress/wp-admin/includes/ajax-actions.php on line 3729
[06-Apr-2025 10:00:19 UTC] PHP Fatal error:  Out of memory (allocated 37748736) (tried to allocate 8192 bytes) in /workspaces/UX221Assignment32/.wordpress/wp-includes/functions.php on line 6893
[06-Apr-2025 10:00:26 UTC] PHP Fatal error:  Out of memory (allocated 35651584) (tried to allocate 2097152 bytes) in /workspaces/UX221Assignment32/.wordpress/wp-content/plugins/ecommerce-product-catalog/ext-comp/index.php on line 58
[06-Apr-2025 10:00:28 UTC] PHP Fatal error:  Out of memory (allocated 33554432) (tried to allocate 2097152 bytes) in /workspaces/UX221Assignment32/.wordpress/wp-content/plugins/ecommerce-product-catalog/ext-comp/index.php on line 58
[06-Apr-2025 10:00:28 UTC] PHP Fatal error:  Out of memory (allocated 31457280) (tried to allocate 2097152 bytes) in /workspaces/UX221Assignment32/.wordpress/wp-content/plugins/ecommerce-product-catalog/ext-comp/index.php on line 58
[06-Apr-2025 10:00:28 UTC] PHP Fatal error:  Out of memory (allocated 31457280) (tried to allocate 2097152 bytes) in /workspaces/UX221Assignment32/.wordpress/wp-content/plugins/ecommerce-product-catalog/ext-comp/index.php on line 52
[06-Apr-2025 10:00:29 UTC] PHP Fatal error:  Out of memory (allocated 31457280) (tried to allocate 2097152 bytes) in /workspaces/UX221Assignment32/.wordpress/wp-content/plugins/ecommerce-product-catalog/ext-comp/index.php on line 26
[06-Apr-2025 10:00:29 UTC] PHP Fatal error:  Out of memory (allocated 31457280) (tried to allocate 28672 bytes) in /workspaces/UX221Assignment32/.wordpress/wp-includes/PHPMailer/PHPMailer.php on line 2263
[06-Apr-2025 10:15:18 UTC] WordPress database error <div style="clear:both">&nbsp;</div>
<div class="queries" style="clear:both;margin-bottom:2px;border:red dotted thin;">
<p>MySQL query:</p>
<p>SELECT SQL_CALC_FOUND_ROWS  wp_posts.ID
					 FROM wp_posts 
					 WHERE 1=1  AND ((wp_posts.post_type = 'al_product' AND (wp_posts.post_status = 'publish' OR wp_posts.post_status = 'future' OR wp_posts.post_status = 'draft' OR wp_posts.post_status = 'pending' 
OR wp_posts.post_status = 'private')))
					 
					 ORDER BY (
			SELECT GROUP_CONCAT(name ORDER BY name ASC)
			FROM wp_term_relationships
			INNER JOIN wp_term_taxonomy USING (term_taxonomy_id)
			INNER JOIN wp_terms USING (term_id)
			WHERE wp_posts.ID = object_id
			AND taxonomy = 'al_product-cat'
			GROUP BY object_id
		) ASC
					 LIMIT 0, 20</p>
<p>Queries made or created this session were:</p>
<ol>
<li>Executing: BEGIN | (no parameters)</li>
<li>Executing: SELECT   wp_posts.ID
					 FROM wp_posts 
					 WHERE 1=1  AND ((wp_posts.post_type = :param0  AND (wp_posts.post_status = :param1  OR wp_posts.post_status = :param2  OR wp_posts.post_status = :param3  OR wp_posts.post_status = :param4  
OR wp_posts.post_status = :param5 )))
					 
					 ORDER BY (
			SELECT GROUP_CONCAT(name ORDER BY name ASC)
			FROM wp_term_relationships
			INNER JOIN wp_term_taxonomy USING (term_taxonomy_id)
			INNER JOIN wp_terms USING (term_id)
			WHERE wp_posts.ID = object_id
			AND taxonomy = :param6 
			GROUP BY object_id
		) ASC
					  | (no parameters)</li>
<li>Executing: ROLLBACK | (no parameters)</li>
</ol>
</div>
<div style="clear:both;margin-bottom:2px;border:red dotted thin;" class="error_message" style="border-bottom:dotted blue thin;">
Error occurred at line 4117 in Function <code>handle_error</code>. Error message was: SQLSTATE[HY000]: General error: 1 near "ORDER": syntax error.
</div>
<p>Backtrace:</p>
<pre>#0 /workspaces/UX221Assignment32/.wordpress/wp-content/mu-plugins/sqlite-database-integration/wp-includes/sqlite/class-wp-sqlite-db.php(287): WP_SQLite_Translator->get_error_message()
#1 /workspaces/UX221Assignment32/.wordpress/wp-includes/class-wpdb.php(3103): WP_SQLite_DB->query('SELECT SQL_CALC...')
#2 /workspaces/UX221Assignment32/.wordpress/wp-includes/class-wp-query.php(3357): wpdb->get_col('SELECT SQL_CALC...')
#3 /workspaces/UX221Assignment32/.wordpress/wp-includes/class-wp-query.php(3852): WP_Query->get_posts()
#4 /workspaces/UX221Assignment32/.wordpress/wp-includes/class-wp.php(696): WP_Query->query(Array)
#5 /workspaces/UX221Assignment32/.wordpress/wp-includes/class-wp.php(816): WP->query_posts()
#6 /workspaces/UX221Assignment32/.wordpress/wp-includes/functions.php(1336): WP->main(Array)
#7 /workspaces/UX221Assignment32/.wordpress/wp-admin/includes/post.php(1306): wp(Array)
#8 /workspaces/UX221Assignment32/.wordpress/wp-admin/includes/class-wp-posts-list-table.php(165): wp_edit_posts_query()
#9 /workspaces/UX221Assignment32/.wordpress/wp-admin/edit.php(235): WP_Posts_List_Table->prepare_items()
#10 {main}</pre>
 for query SELECT SQL_CALC_FOUND_ROWS  wp_posts.ID
					 FROM wp_posts 
					 WHERE 1=1  AND ((wp_posts.post_type = 'al_product' AND (wp_posts.post_status = 'publish' OR wp_posts.post_status = 'future' OR wp_posts.post_status = 'draft' OR wp_posts.post_status = 'pending' 
OR wp_posts.post_status = 'private')))
					 
					 ORDER BY (
			SELECT GROUP_CONCAT(name ORDER BY name ASC)
			FROM wp_term_relationships
			INNER JOIN wp_term_taxonomy USING (term_taxonomy_id)
			INNER JOIN wp_terms USING (term_id)
			WHERE wp_posts.ID = object_id
			AND taxonomy = 'al_product-cat'
			GROUP BY object_id
		) ASC
					 LIMIT 0, 20 made by WP_Posts_List_Table->prepare_items, wp_edit_posts_query, wp, WP->main, WP->query_posts, WP_Query->query, WP_Query->get_posts, WP_SQLite_DB->query, WP_SQLite_DB->print_error
